<?xml version="1.0" encoding="UTF-8"?>
<testng-results skipped="0" failed="0" ignored="0" total="1" passed="1">
  <reporter-output>
  </reporter-output>
  <suite name="Suite" duration-ms="90352" started-at="2018-07-25T18:51:52Z" finished-at="2018-07-25T18:53:22Z">
    <groups>
    </groups>
    <test name="Test" duration-ms="90352" started-at="2018-07-25T18:51:52Z" finished-at="2018-07-25T18:53:22Z">
      <class name="test.php.BookHotel">
        <test-method status="PASS" signature="beforeSuite()[pri:0, instance:test.php.BookHotel@13a5fe33]" name="beforeSuite" is-config="true" duration-ms="230" started-at="2018-07-25T18:51:52Z" finished-at="2018-07-25T18:51:52Z">
          <reporter-output>
          </reporter-output>
        </test-method> <!-- beforeSuite -->
        <test-method status="PASS" signature="beforeTest()[pri:0, instance:test.php.BookHotel@13a5fe33]" name="beforeTest" is-config="true" duration-ms="0" started-at="2018-07-25T18:51:52Z" finished-at="2018-07-25T18:51:52Z">
          <reporter-output>
          </reporter-output>
        </test-method> <!-- beforeTest -->
        <test-method status="PASS" signature="setVal()[pri:0, instance:test.php.BookHotel@13a5fe33]" name="setVal" is-config="true" duration-ms="0" started-at="2018-07-25T18:51:52Z" depends-on-methods="lib.selenium.PreAndPostPHP.beforeTest" finished-at="2018-07-25T18:51:52Z">
          <reporter-output>
          </reporter-output>
        </test-method> <!-- setVal -->
        <test-method status="PASS" signature="beforeClass()[pri:0, instance:test.php.BookHotel@13a5fe33]" name="beforeClass" is-config="true" duration-ms="4" started-at="2018-07-25T18:51:52Z" finished-at="2018-07-25T18:51:52Z">
          <reporter-output>
          </reporter-output>
        </test-method> <!-- beforeClass -->
        <test-method status="PASS" signature="beforeMethod(java.lang.String, java.lang.String, java.lang.String)[pri:0, instance:test.php.BookHotel@13a5fe33]" name="beforeMethod" is-config="true" duration-ms="21949" started-at="2018-07-25T18:51:53Z" finished-at="2018-07-25T18:52:15Z">
          <params>
            <param index="0">
              <value>
                <![CDATA[https://www.phptravels.net/]]>
              </value>
            </param>
            <param index="1">
              <value>
                <![CDATA[user@phptravels.com]]>
              </value>
            </param>
            <param index="2">
              <value>
                <![CDATA[demouser]]>
              </value>
            </param>
          </params>
          <reporter-output>
          </reporter-output>
        </test-method> <!-- beforeMethod -->
        <test-method status="PASS" signature="bookHotel(java.lang.String, java.lang.String, java.lang.String, java.lang.String, java.lang.String)[pri:0, instance:test.php.BookHotel@13a5fe33]" name="bookHotel" duration-ms="67015" started-at="2018-07-25T18:52:15Z" data-provider="PHP" finished-at="2018-07-25T18:53:22Z">
          <params>
            <param index="0">
              <value>
                <![CDATA[Hyatt Regency Perth]]>
              </value>
            </param>
            <param index="1">
              <value>
                <![CDATA[28/07/2018]]>
              </value>
            </param>
            <param index="2">
              <value>
                <![CDATA[04/08/2018]]>
              </value>
            </param>
            <param index="3">
              <value>
                <![CDATA[1]]>
              </value>
            </param>
            <param index="4">
              <value>
                <![CDATA[1]]>
              </value>
            </param>
          </params>
          <reporter-output>
          </reporter-output>
        </test-method> <!-- bookHotel -->
        <test-method status="PASS" signature="afterMethod()[pri:0, instance:test.php.BookHotel@13a5fe33]" name="afterMethod" is-config="true" duration-ms="490" started-at="2018-07-25T18:53:22Z" finished-at="2018-07-25T18:53:22Z">
          <reporter-output>
          </reporter-output>
        </test-method> <!-- afterMethod -->
        <test-method status="PASS" signature="afterClass()[pri:0, instance:test.php.BookHotel@13a5fe33]" name="afterClass" is-config="true" duration-ms="0" started-at="2018-07-25T18:53:22Z" finished-at="2018-07-25T18:53:22Z">
          <reporter-output>
          </reporter-output>
        </test-method> <!-- afterClass -->
        <test-method status="PASS" signature="afterTest()[pri:0, instance:test.php.BookHotel@13a5fe33]" name="afterTest" is-config="true" duration-ms="0" started-at="2018-07-25T18:53:22Z" finished-at="2018-07-25T18:53:22Z">
          <reporter-output>
          </reporter-output>
        </test-method> <!-- afterTest -->
        <test-method status="PASS" signature="afterSuite()[pri:0, instance:test.php.BookHotel@13a5fe33]" name="afterSuite" is-config="true" duration-ms="471" started-at="2018-07-25T18:53:22Z" finished-at="2018-07-25T18:53:23Z">
          <reporter-output>
          </reporter-output>
        </test-method> <!-- afterSuite -->
      </class> <!-- test.php.BookHotel -->
    </test> <!-- Test -->
  </suite> <!-- Suite -->
</testng-results>
